<?xml version="1.0" encoding="UTF-8"?>
<!-- Generated by org.testng.reporters.JUnitReportReporter -->
<testsuite hostname="Rmaster90" failures="0" tests="5" name="API_test_demo.APIDemo1" time="5.875" errors="0" timestamp="2022-02-05T11:39:05 IRST" skipped="0">
  <testcase classname="API_test_demo.APIDemo1" name="patch_demo1" time="0.892"/>
  <system-out/>
  <testcase classname="API_test_demo.APIDemo1" name="put_demo1" time="0.862"/>
  <system-out/>
  <testcase classname="API_test_demo.APIDemo1" name="get_demo1" time="1.157"/>
  <system-out/>
  <testcase classname="API_test_demo.APIDemo1" name="delete_demo1" time="2.132"/>
  <system-out/>
  <testcase classname="API_test_demo.APIDemo1" name="post_demo1" time="0.832"/>
  <system-out/>
</testsuite> <!-- API_test_demo.APIDemo1 -->
