<?xml version="1.0" encoding="UTF-8"?>
<!-- Generated by org.testng.reporters.JUnitReportReporter -->
<testsuite hostname="Rmaster90" failures="0" tests="2" name="AlbumsTest" time="2.719" errors="0" timestamp="2022-02-05T11:38:32 IRST" skipped="0">
  <testcase classname="AlbumsTest" name="GetAlbums" time="1.953"/>
  <system-out/>
  <testcase classname="AlbumsTest" name="GetCurrentUsersSavedAlbums" time="0.766"/>
  <system-out/>
</testsuite> <!-- AlbumsTest -->
