<?xml version="1.0" encoding="UTF-8"?>
<!-- Generated by org.testng.reporters.JUnitReportReporter -->
<testsuite hostname="Rmaster90" failures="0" tests="2" name="API_test_demo.APITests" time="2.366" errors="0" timestamp="2022-02-05T11:36:01 IRST" skipped="0">
  <testcase classname="API_test_demo.APITests" name="test1" time="1.614"/>
  <system-out/>
  <testcase classname="API_test_demo.APITests" name="test2" time="0.752"/>
  <system-out/>
</testsuite> <!-- API_test_demo.APITests -->
