<?xml version="1.0" encoding="UTF-8"?>
<!-- Generated by org.testng.reporters.JUnitReportReporter -->
<testsuite hostname="Rmaster90" failures="0" tests="1" name="ArtistTest" time="1.394" errors="0" timestamp="2022-02-05T11:38:38 IRST" skipped="0">
  <testcase classname="ArtistTest" name="GetArtistTopTrack" time="1.394"/>
  <system-out/>
</testsuite> <!-- ArtistTest -->
