<?xml version="1.0" encoding="UTF-8"?>
<!-- Generated by org.testng.reporters.JUnitReportReporter -->
<testsuite hostname="Rmaster90" failures="0" tests="1" name="SearchTest" time="1.730" errors="0" timestamp="2022-02-05T11:38:52 IRST" skipped="0">
  <testcase classname="SearchTest" name="SearchTest" time="1.730"/>
  <system-out/>
</testsuite> <!-- SearchTest -->
