<?xml version="1.0" encoding="UTF-8"?>
<!-- Generated by org.testng.reporters.JUnitReportReporter -->
<testsuite hostname="Rmaster90" failures="0" tests="1" name="PlayListTest" time="2.532" errors="0" timestamp="2022-02-05T11:38:46 IRST" skipped="0">
  <testcase classname="PlayListTest" name="playListTest" time="2.532"/>
  <system-out/>
</testsuite> <!-- PlayListTest -->
